<?xml version="1.0" encoding="UTF-8"?>
<!-- Generated by org.testng.reporters.JUnitReportReporter -->
<testsuite hostname="DESKTOP-T8B8QGB" failures="0" tests="4" name="JavaStreams" time="0.043" errors="0" timestamp="2022-08-21T17:34:23 IST" skipped="0">
  <testcase classname="JavaStreams" name="streamCollect" time="0.005"/>
  <system-out/>
  <testcase classname="JavaStreams" name="regular" time="0.023"/>
  <system-out/>
  <testcase classname="JavaStreams" name="streamFilter" time="0.007"/>
  <system-out/>
  <testcase classname="JavaStreams" name="streamMap" time="0.008"/>
  <system-out/>
</testsuite> <!-- JavaStreams -->
